
> constructask-frontend@1.0.0 dev
> vite --host 127.0.0.1 --host 127.0.0.1 --port 5173


  [32m[1mVITE[22m v5.4.11[39m  [2mready in [0m[1m596[22m[2m[0m ms[22m

  [32m➜[39m  [1mLocal[22m:   [36mhttp://127.0.0.1:[1m5173[22m/[39m
[2m[32m  ➜[39m[22m[2m  press [22m[1mh + enter[22m[2m to show help[22m
[2m8:28:32 AM[22m [36m[1m[vite][22m[39m [32mhmr update [39m[2m/src/pages/Compliance.jsx, /src/pages/Chat.jsx, /src/pages/Approvals.jsx, /src/pages/Materials.jsx, /src/pages/Dashboard.jsx[22m
[2m8:28:45 AM[22m [36m[1m[vite][22m[39m [32mhmr update [39m[2m/src/App.jsx[22m
[2m8:28:57 AM[22m [36m[1m[vite][22m[39m [32mhmr update [39m[2m/src/components/Sidebar.jsx[22m
[2m8:29:07 AM[22m [36m[1m[vite][22m[39m [32mhmr update [39m[2m/src/styles.css[22m
[2m8:29:17 AM[22m [36m[1m[vite][22m[39m [32mhmr update [39m[2m/src/pages/Dashboard.jsx[22m
[2m8:29:23 AM[22m [36m[1m[vite][22m[39m [32mhmr update [39m[2m/src/pages/Dashboard.jsx[22m
[2m8:29:32 AM[22m [36m[1m[vite][22m[39m [32mhmr update [39m[2m/src/pages/Materials.jsx[22m
[2m8:29:38 AM[22m [36m[1m[vite][22m[39m [32mhmr update [39m[2m/src/pages/Approvals.jsx[22m
[2m8:29:45 AM[22m [36m[1m[vite][22m[39m [32mhmr update [39m[2m/src/pages/Compliance.jsx[22m
[2m8:30:05 AM[22m [36m[1m[vite][22m[39m [32mhmr update [39m[2m/src/pages/Chat.jsx[22m
[2m8:43:35 AM[22m [36m[1m[vite][22m[39m [32mhmr update [39m[2m/src/pages/Compliance.jsx, /src/pages/Chat.jsx, /src/pages/Approvals.jsx, /src/pages/Materials.jsx, /src/pages/Dashboard.jsx, /src/App.jsx[22m
[2m8:44:19 AM[22m [36m[1m[vite][22m[39m [32mhmr update [39m[2m/src/App.jsx[22m
[2m8:44:28 AM[22m [36m[1m[vite][22m[39m [32mhmr update [39m[2m/src/components/Sidebar.jsx[22m
[2m8:44:48 AM[22m [36m[1m[vite][22m[39m [32mhmr update [39m[2m/src/styles.css[22m
[2m8:50:59 AM[22m [36m[1m[vite][22m[39m [32mhmr update [39m[2m/src/pages/AddProject.jsx[22m
